{"C:\\Users\\siddh\\OneDrive\\Desktop\\Shoplo E-commerce Dashboard\\shoplo-dashboard\\src\\components\\ProductCard.jsx": {"path":"C:\\Users\\siddh\\OneDrive\\Desktop\\Shoplo E-commerce Dashboard\\shoplo-dashboard\\src\\components\\ProductCard.jsx","statementMap":{"0":{"start":{"line":7,"column":20},"end":{"line":114,"column":null}},"1":{"start":{"line":8,"column":8},"end":{"line":8,"column":null}},"2":{"start":{"line":9,"column":8},"end":{"line":9,"column":null}},"3":{"start":{"line":9,"column":34},"end":{"line":9,"column":79}},"4":{"start":{"line":11,"column":31},"end":{"line":15,"column":null}},"5":{"start":{"line":12,"column":4},"end":{"line":12,"column":null}},"6":{"start":{"line":13,"column":4},"end":{"line":13,"column":null}},"7":{"start":{"line":14,"column":4},"end":{"line":14,"column":null}},"8":{"start":{"line":17,"column":2},"end":{"line":112,"column":null}},"9":{"start":{"line":63,"column":14},"end":{"line":71,"column":null}},"10":{"start":{"line":93,"column":14},"end":{"line":93,"column":null}}},"fnMap":{"0":{"name":"(anonymous_0)","decl":{"start":{"line":7,"column":20},"end":{"line":7,"column":21}},"loc":{"start":{"line":7,"column":37},"end":{"line":114,"column":null}},"line":7},"1":{"name":"(anonymous_1)","decl":{"start":{"line":9,"column":33},"end":{"line":9,"column":34}},"loc":{"start":{"line":9,"column":34},"end":{"line":9,"column":79}},"line":9},"2":{"name":"(anonymous_2)","decl":{"start":{"line":11,"column":31},"end":{"line":11,"column":32}},"loc":{"start":{"line":11,"column":38},"end":{"line":15,"column":null}},"line":11},"3":{"name":"(anonymous_3)","decl":{"start":{"line":62,"column":31},"end":{"line":62,"column":32}},"loc":{"start":{"line":63,"column":14},"end":{"line":71,"column":null}},"line":63},"4":{"name":"(anonymous_4)","decl":{"start":{"line":92,"column":21},"end":{"line":92,"column":22}},"loc":{"start":{"line":92,"column":28},"end":{"line":95,"column":null}},"line":92}},"branchMap":{"0":{"loc":{"start":{"line":37,"column":22},"end":{"line":37,"column":null}},"type":"cond-expr","locations":[{"start":{"line":37,"column":35},"end":{"line":37,"column":61}},{"start":{"line":37,"column":61},"end":{"line":37,"column":null}}],"line":37},"1":{"loc":{"start":{"line":41,"column":23},"end":{"line":41,"column":null}},"type":"cond-expr","locations":[{"start":{"line":41,"column":36},"end":{"line":41,"column":72}},{"start":{"line":41,"column":72},"end":{"line":41,"column":null}}],"line":41},"2":{"loc":{"start":{"line":67,"column":18},"end":{"line":69,"column":null}},"type":"cond-expr","locations":[{"start":{"line":68,"column":22},"end":{"line":68,"column":null}},{"start":{"line":69,"column":22},"end":{"line":69,"column":null}}],"line":67},"3":{"loc":{"start":{"line":67,"column":33},"end":{"line":67,"column":58}},"type":"binary-expr","locations":[{"start":{"line":67,"column":33},"end":{"line":67,"column":57}},{"start":{"line":67,"column":57},"end":{"line":67,"column":58}}],"line":67},"4":{"loc":{"start":{"line":75,"column":13},"end":{"line":75,"column":43}},"type":"binary-expr","locations":[{"start":{"line":75,"column":13},"end":{"line":75,"column":37}},{"start":{"line":75,"column":37},"end":{"line":75,"column":43}}],"line":75},"5":{"loc":{"start":{"line":75,"column":46},"end":{"line":75,"column":73}},"type":"binary-expr","locations":[{"start":{"line":75,"column":46},"end":{"line":75,"column":71}},{"start":{"line":75,"column":71},"end":{"line":75,"column":73}}],"line":75},"6":{"loc":{"start":{"line":103,"column":14},"end":{"line":105,"column":null}},"type":"cond-expr","locations":[{"start":{"line":104,"column":18},"end":{"line":104,"column":null}},{"start":{"line":105,"column":18},"end":{"line":105,"column":null}}],"line":103},"7":{"loc":{"start":{"line":108,"column":13},"end":{"line":108,"column":null}},"type":"cond-expr","locations":[{"start":{"line":108,"column":26},"end":{"line":108,"column":36}},{"start":{"line":108,"column":36},"end":{"line":108,"column":null}}],"line":108}},"s":{"0":1,"1":3,"2":3,"3":6,"4":3,"5":0,"6":0,"7":0,"8":3,"9":15,"10":0},"f":{"0":3,"1":6,"2":0,"3":15,"4":0},"b":{"0":[0,3],"1":[0,3],"2":[12,3],"3":[15,0],"4":[3,0],"5":[3,0],"6":[0,3],"7":[0,3]},"meta":{"lastBranch":8,"lastFunction":5,"lastStatement":11,"seen":{"s:7:20:114:Infinity":0,"f:7:20:7:21":0,"s:8:8:8:Infinity":1,"s:9:8:9:Infinity":2,"f:9:33:9:34":1,"s:9:34:9:79":3,"s:11:31:15:Infinity":4,"f:11:31:11:32":2,"s:12:4:12:Infinity":5,"s:13:4:13:Infinity":6,"s:14:4:14:Infinity":7,"s:17:2:112:Infinity":8,"b:37:35:37:61:37:61:37:Infinity":0,"b:41:36:41:72:41:72:41:Infinity":1,"f:62:31:62:32":3,"s:63:14:71:Infinity":9,"b:68:22:68:Infinity:69:22:69:Infinity":2,"b:67:33:67:57:67:57:67:58":3,"b:75:13:75:37:75:37:75:43":4,"b:75:46:75:71:75:71:75:73":5,"f:92:21:92:22":4,"s:93:14:93:Infinity":10,"b:104:18:104:Infinity:105:18:105:Infinity":6,"b:108:26:108:36:108:36:108:Infinity":7}}}
,"C:\\Users\\siddh\\OneDrive\\Desktop\\Shoplo E-commerce Dashboard\\shoplo-dashboard\\src\\store\\slices\\favoritesSlice.js": {"path":"C:\\Users\\siddh\\OneDrive\\Desktop\\Shoplo E-commerce Dashboard\\shoplo-dashboard\\src\\store\\slices\\favoritesSlice.js","statementMap":{"0":{"start":{"line":3,"column":22},"end":{"line":33,"column":2}},"1":{"start":{"line":10,"column":22},"end":{"line":10,"column":36}},"2":{"start":{"line":11,"column":6},"end":{"line":13,"column":7}},"3":{"start":{"line":11,"column":36},"end":{"line":11,"column":58}},"4":{"start":{"line":12,"column":8},"end":{"line":12,"column":33}},"5":{"start":{"line":16,"column":24},"end":{"line":16,"column":38}},"6":{"start":{"line":17,"column":6},"end":{"line":17,"column":69}},"7":{"start":{"line":17,"column":47},"end":{"line":17,"column":68}},"8":{"start":{"line":20,"column":22},"end":{"line":20,"column":36}},"9":{"start":{"line":21,"column":28},"end":{"line":21,"column":81}},"10":{"start":{"line":21,"column":58},"end":{"line":21,"column":80}},"11":{"start":{"line":23,"column":6},"end":{"line":27,"column":7}},"12":{"start":{"line":24,"column":8},"end":{"line":24,"column":44}},"13":{"start":{"line":26,"column":8},"end":{"line":26,"column":33}},"14":{"start":{"line":30,"column":6},"end":{"line":30,"column":22}},"15":{"start":{"line":40,"column":4},"end":{"line":40,"column":26}},"16":{"start":{"line":43,"column":31},"end":{"line":43,"column":63}},"17":{"start":{"line":43,"column":42},"end":{"line":43,"column":63}},"18":{"start":{"line":44,"column":32},"end":{"line":45,"column":null}},"19":{"start":{"line":45,"column":2},"end":{"line":45,"column":null}},"20":{"start":{"line":45,"column":37},"end":{"line":45,"column":58}}},"fnMap":{"0":{"name":"(anonymous_0)","decl":{"start":{"line":9,"column":20},"end":{"line":9,"column":21}},"loc":{"start":{"line":9,"column":39},"end":{"line":14,"column":5}},"line":9},"1":{"name":"(anonymous_1)","decl":{"start":{"line":11,"column":28},"end":{"line":11,"column":32}},"loc":{"start":{"line":11,"column":36},"end":{"line":11,"column":58}},"line":11},"2":{"name":"(anonymous_2)","decl":{"start":{"line":15,"column":25},"end":{"line":15,"column":26}},"loc":{"start":{"line":15,"column":44},"end":{"line":18,"column":5}},"line":15},"3":{"name":"(anonymous_3)","decl":{"start":{"line":17,"column":39},"end":{"line":17,"column":43}},"loc":{"start":{"line":17,"column":47},"end":{"line":17,"column":68}},"line":17},"4":{"name":"(anonymous_4)","decl":{"start":{"line":19,"column":20},"end":{"line":19,"column":21}},"loc":{"start":{"line":19,"column":39},"end":{"line":28,"column":5}},"line":19},"5":{"name":"(anonymous_5)","decl":{"start":{"line":21,"column":50},"end":{"line":21,"column":54}},"loc":{"start":{"line":21,"column":58},"end":{"line":21,"column":80}},"line":21},"6":{"name":"(anonymous_6)","decl":{"start":{"line":29,"column":20},"end":{"line":29,"column":21}},"loc":{"start":{"line":29,"column":31},"end":{"line":31,"column":5}},"line":29},"7":{"name":"(anonymous_7)","decl":{"start":{"line":43,"column":31},"end":{"line":43,"column":32}},"loc":{"start":{"line":43,"column":42},"end":{"line":43,"column":63}},"line":43},"8":{"name":"(anonymous_8)","decl":{"start":{"line":44,"column":32},"end":{"line":44,"column":33}},"loc":{"start":{"line":45,"column":2},"end":{"line":45,"column":null}},"line":45},"9":{"name":"(anonymous_9)","decl":{"start":{"line":45,"column":29},"end":{"line":45,"column":33}},"loc":{"start":{"line":45,"column":37},"end":{"line":45,"column":58}},"line":45}},"branchMap":{"0":{"loc":{"start":{"line":11,"column":6},"end":{"line":13,"column":7}},"type":"if","locations":[{"start":{"line":11,"column":6},"end":{"line":13,"column":7}},{"start":{},"end":{}}],"line":11},"1":{"loc":{"start":{"line":23,"column":6},"end":{"line":27,"column":7}},"type":"if","locations":[{"start":{"line":23,"column":6},"end":{"line":27,"column":7}},{"start":{"line":25,"column":13},"end":{"line":27,"column":7}}],"line":23}},"s":{"0":1,"1":0,"2":0,"3":0,"4":0,"5":0,"6":0,"7":0,"8":0,"9":0,"10":0,"11":0,"12":0,"13":0,"14":0,"15":1,"16":1,"17":0,"18":1,"19":6,"20":0},"f":{"0":0,"1":0,"2":0,"3":0,"4":0,"5":0,"6":0,"7":0,"8":6,"9":0},"b":{"0":[0,0],"1":[0,0]},"meta":{"lastBranch":2,"lastFunction":10,"lastStatement":21,"seen":{"s:3:22:33:2":0,"f:9:20:9:21":0,"s:10:22:10:36":1,"b:11:6:13:7:undefined:undefined:undefined:undefined":0,"s:11:6:13:7":2,"f:11:28:11:32":1,"s:11:36:11:58":3,"s:12:8:12:33":4,"f:15:25:15:26":2,"s:16:24:16:38":5,"s:17:6:17:69":6,"f:17:39:17:43":3,"s:17:47:17:68":7,"f:19:20:19:21":4,"s:20:22:20:36":8,"s:21:28:21:81":9,"f:21:50:21:54":5,"s:21:58:21:80":10,"b:23:6:27:7:25:13:27:7":1,"s:23:6:27:7":11,"s:24:8:24:44":12,"s:26:8:26:33":13,"f:29:20:29:21":6,"s:30:6:30:22":14,"s:40:4:40:26":15,"s:43:31:43:63":16,"f:43:31:43:32":7,"s:43:42:43:63":17,"s:44:32:45:Infinity":18,"f:44:32:44:33":8,"s:45:2:45:Infinity":19,"f:45:29:45:33":9,"s:45:37:45:58":20}}}
,"C:\\Users\\siddh\\OneDrive\\Desktop\\Shoplo E-commerce Dashboard\\shoplo-dashboard\\src\\store\\slices\\productsSlice.js": {"path":"C:\\Users\\siddh\\OneDrive\\Desktop\\Shoplo E-commerce Dashboard\\shoplo-dashboard\\src\\store\\slices\\productsSlice.js","statementMap":{"0":{"start":{"line":4,"column":16},"end":{"line":4,"column":42}},"1":{"start":{"line":6,"column":28},"end":{"line":12,"column":1}},"2":{"start":{"line":9,"column":21},"end":{"line":9,"column":59}},"3":{"start":{"line":10,"column":4},"end":{"line":10,"column":24}},"4":{"start":{"line":14,"column":31},"end":{"line":20,"column":1}},"5":{"start":{"line":17,"column":21},"end":{"line":17,"column":72}},"6":{"start":{"line":18,"column":4},"end":{"line":18,"column":24}},"7":{"start":{"line":22,"column":21},"end":{"line":62,"column":2}},"8":{"start":{"line":32,"column":6},"end":{"line":32,"column":33}},"9":{"start":{"line":36,"column":4},"end":{"line":60,"column":8}},"10":{"start":{"line":39,"column":8},"end":{"line":39,"column":32}},"11":{"start":{"line":42,"column":8},"end":{"line":42,"column":34}},"12":{"start":{"line":43,"column":8},"end":{"line":43,"column":36}},"13":{"start":{"line":46,"column":8},"end":{"line":46,"column":31}},"14":{"start":{"line":47,"column":8},"end":{"line":47,"column":42}},"15":{"start":{"line":51,"column":8},"end":{"line":51,"column":32}},"16":{"start":{"line":54,"column":8},"end":{"line":54,"column":34}},"17":{"start":{"line":55,"column":8},"end":{"line":55,"column":45}},"18":{"start":{"line":58,"column":8},"end":{"line":58,"column":31}},"19":{"start":{"line":59,"column":8},"end":{"line":59,"column":42}},"20":{"start":{"line":64,"column":39},"end":{"line":64,"column":60}},"21":{"start":{"line":67,"column":33},"end":{"line":67,"column":64}},"22":{"start":{"line":67,"column":44},"end":{"line":67,"column":64}},"23":{"start":{"line":68,"column":33},"end":{"line":69,"column":64}},"24":{"start":{"line":69,"column":2},"end":{"line":69,"column":64}},"25":{"start":{"line":69,"column":39},"end":{"line":69,"column":63}},"26":{"start":{"line":70,"column":36},"end":{"line":70,"column":76}},"27":{"start":{"line":70,"column":47},"end":{"line":70,"column":76}},"28":{"start":{"line":71,"column":36},"end":{"line":71,"column":68}},"29":{"start":{"line":71,"column":47},"end":{"line":71,"column":68}},"30":{"start":{"line":72,"column":35},"end":{"line":72,"column":null}},"31":{"start":{"line":72,"column":46},"end":{"line":72,"column":null}}},"fnMap":{"0":{"name":"(anonymous_0)","decl":{"start":{"line":8,"column":2},"end":{"line":8,"column":7}},"loc":{"start":{"line":8,"column":14},"end":{"line":11,"column":3}},"line":8},"1":{"name":"(anonymous_1)","decl":{"start":{"line":16,"column":2},"end":{"line":16,"column":7}},"loc":{"start":{"line":16,"column":23},"end":{"line":19,"column":3}},"line":16},"2":{"name":"(anonymous_2)","decl":{"start":{"line":31,"column":25},"end":{"line":31,"column":26}},"loc":{"start":{"line":31,"column":36},"end":{"line":33,"column":5}},"line":31},"3":{"name":"(anonymous_3)","decl":{"start":{"line":35,"column":17},"end":{"line":35,"column":18}},"loc":{"start":{"line":35,"column":30},"end":{"line":61,"column":3}},"line":35},"4":{"name":"(anonymous_4)","decl":{"start":{"line":38,"column":38},"end":{"line":38,"column":39}},"loc":{"start":{"line":38,"column":49},"end":{"line":40,"column":7}},"line":38},"5":{"name":"(anonymous_5)","decl":{"start":{"line":41,"column":40},"end":{"line":41,"column":41}},"loc":{"start":{"line":41,"column":59},"end":{"line":44,"column":7}},"line":41},"6":{"name":"(anonymous_6)","decl":{"start":{"line":45,"column":39},"end":{"line":45,"column":40}},"loc":{"start":{"line":45,"column":58},"end":{"line":48,"column":7}},"line":45},"7":{"name":"(anonymous_7)","decl":{"start":{"line":50,"column":41},"end":{"line":50,"column":42}},"loc":{"start":{"line":50,"column":52},"end":{"line":52,"column":7}},"line":50},"8":{"name":"(anonymous_8)","decl":{"start":{"line":53,"column":43},"end":{"line":53,"column":44}},"loc":{"start":{"line":53,"column":62},"end":{"line":56,"column":7}},"line":53},"9":{"name":"(anonymous_9)","decl":{"start":{"line":57,"column":42},"end":{"line":57,"column":43}},"loc":{"start":{"line":57,"column":61},"end":{"line":60,"column":7}},"line":57},"10":{"name":"(anonymous_10)","decl":{"start":{"line":67,"column":33},"end":{"line":67,"column":34}},"loc":{"start":{"line":67,"column":44},"end":{"line":67,"column":64}},"line":67},"11":{"name":"(anonymous_11)","decl":{"start":{"line":68,"column":33},"end":{"line":68,"column":34}},"loc":{"start":{"line":69,"column":2},"end":{"line":69,"column":64}},"line":69},"12":{"name":"(anonymous_12)","decl":{"start":{"line":69,"column":28},"end":{"line":69,"column":35}},"loc":{"start":{"line":69,"column":39},"end":{"line":69,"column":63}},"line":69},"13":{"name":"(anonymous_13)","decl":{"start":{"line":70,"column":36},"end":{"line":70,"column":37}},"loc":{"start":{"line":70,"column":47},"end":{"line":70,"column":76}},"line":70},"14":{"name":"(anonymous_14)","decl":{"start":{"line":71,"column":36},"end":{"line":71,"column":37}},"loc":{"start":{"line":71,"column":47},"end":{"line":71,"column":68}},"line":71},"15":{"name":"(anonymous_15)","decl":{"start":{"line":72,"column":35},"end":{"line":72,"column":36}},"loc":{"start":{"line":72,"column":46},"end":{"line":72,"column":null}},"line":72}},"branchMap":{},"s":{"0":1,"1":1,"2":0,"3":0,"4":1,"5":0,"6":0,"7":1,"8":1,"9":1,"10":1,"11":1,"12":1,"13":1,"14":1,"15":0,"16":0,"17":0,"18":0,"19":0,"20":1,"21":1,"22":0,"23":1,"24":0,"25":0,"26":1,"27":0,"28":1,"29":0,"30":1,"31":0},"f":{"0":0,"1":0,"2":1,"3":1,"4":1,"5":1,"6":1,"7":0,"8":0,"9":0,"10":0,"11":0,"12":0,"13":0,"14":0,"15":0},"b":{},"meta":{"lastBranch":0,"lastFunction":16,"lastStatement":32,"seen":{"s:4:16:4:42":0,"s:6:28:12:1":1,"f:8:2:8:7":0,"s:9:21:9:59":2,"s:10:4:10:24":3,"s:14:31:20:1":4,"f:16:2:16:7":1,"s:17:21:17:72":5,"s:18:4:18:24":6,"s:22:21:62:2":7,"f:31:25:31:26":2,"s:32:6:32:33":8,"f:35:17:35:18":3,"s:36:4:60:8":9,"f:38:38:38:39":4,"s:39:8:39:32":10,"f:41:40:41:41":5,"s:42:8:42:34":11,"s:43:8:43:36":12,"f:45:39:45:40":6,"s:46:8:46:31":13,"s:47:8:47:42":14,"f:50:41:50:42":7,"s:51:8:51:32":15,"f:53:43:53:44":8,"s:54:8:54:34":16,"s:55:8:55:45":17,"f:57:42:57:43":9,"s:58:8:58:31":18,"s:59:8:59:42":19,"s:64:39:64:60":20,"s:67:33:67:64":21,"f:67:33:67:34":10,"s:67:44:67:64":22,"s:68:33:69:64":23,"f:68:33:68:34":11,"s:69:2:69:64":24,"f:69:28:69:35":12,"s:69:39:69:63":25,"s:70:36:70:76":26,"f:70:36:70:37":13,"s:70:47:70:76":27,"s:71:36:71:68":28,"f:71:36:71:37":14,"s:71:47:71:68":29,"s:72:35:72:Infinity":30,"f:72:35:72:36":15,"s:72:46:72:Infinity":31}}}
}
